app-penjual/build/intermediates/manifest_merge_blame_file/debug/manifest-merger-blame-debug-report.txt
1<?xml version="1.0" encoding="utf-8"?>
2<manifest xmlns:android="http://schemas.android.com/apk/res/android"
3    package="xyz.tqydn.tipall"
4    android:versionCode="1"
5    android:versionName="1.0" >
6
7    <uses-sdk
8        android:minSdkVersion="21"
8-->src/main/AndroidManifest.xml
9        android:targetSdkVersion="30" />
9-->src/main/AndroidManifest.xml
10
11    <uses-permission android:name="android.permission.ACCESS_FINE_LOCATION" />
11-->[com.google.android.libraries.places:places:2.4.0] AndroidManifest.xml:9:5-79
11-->[com.google.android.libraries.places:places:2.4.0] AndroidManifest.xml:9:22-76
12    <uses-permission android:name="android.permission.ACCESS_WIFI_STATE" />
12-->[com.google.android.libraries.places:places:2.4.0] AndroidManifest.xml:10:5-76
12-->[com.google.android.libraries.places:places:2.4.0] AndroidManifest.xml:10:22-73
13    <uses-permission android:name="android.permission.INTERNET" /> <!-- Include required permissions for Google Maps API to run. -->
13-->[com.google.android.libraries.places:places:2.4.0] AndroidManifest.xml:11:5-67
13-->[com.google.android.libraries.places:places:2.4.0] AndroidManifest.xml:11:22-64
14    <uses-permission android:name="android.permission.ACCESS_NETWORK_STATE" />
14-->[com.google.android.gms:play-services-maps:17.0.0] AndroidManifest.xml:23:5-79
14-->[com.google.android.gms:play-services-maps:17.0.0] AndroidManifest.xml:23:22-76
15
16    <uses-feature
16-->[com.google.android.gms:play-services-maps:17.0.0] AndroidManifest.xml:26:5-28:35
17        android:glEsVersion="0x00020000"
17-->[com.google.android.gms:play-services-maps:17.0.0] AndroidManifest.xml:27:9-41
18        android:required="true" /> <!-- Permission will be merged into the manifest of the hosting app. -->
18-->[com.google.android.gms:play-services-maps:17.0.0] AndroidManifest.xml:28:9-32
19    <!-- Is required to launch foreground extraction service for targetSdkVersion 28+. -->
20    <uses-permission android:name="android.permission.FOREGROUND_SERVICE" />
20-->[com.google.android.play:core:1.7.2] AndroidManifest.xml:8:3-74
20-->[com.google.android.play:core:1.7.2] AndroidManifest.xml:8:20-72
21
22    <application
22-->src/main/AndroidManifest.xml:6:5-46:19
23        android:allowBackup="true"
23-->src/main/AndroidManifest.xml:7:9-35
24        android:appComponentFactory="androidx.core.app.CoreComponentFactory"
24-->[androidx.core:core:1.5.0-alpha01] AndroidManifest.xml:24:18-86
25        android:debuggable="true"
26        android:icon="@mipmap/ic_launcher"
26-->src/main/AndroidManifest.xml:8:9-43
27        android:label="@string/app_name"
27-->src/main/AndroidManifest.xml:9:9-41
28        android:roundIcon="@mipmap/ic_launcher_round"
28-->src/main/AndroidManifest.xml:10:9-54
29        android:supportsRtl="true"
29-->src/main/AndroidManifest.xml:11:9-35
30        android:testOnly="true"
31        android:theme="@style/Theme.Tipall"
31-->src/main/AndroidManifest.xml:12:9-44
32        android:usesCleartextTraffic="true" >
32-->src/main/AndroidManifest.xml:13:9-44
33        <activity android:name="xyz.tqydn.tipall.ui.inventory.DetailTawaranActivity" />
33-->src/main/AndroidManifest.xml:15:9-81
33-->src/main/AndroidManifest.xml:15:19-69
34        <activity android:name="xyz.tqydn.tipall.ui.inventory.RiwayatTransaksiActivity" />
34-->src/main/AndroidManifest.xml:16:9-75
34-->src/main/AndroidManifest.xml:16:19-72
35        <activity android:name="xyz.tqydn.tipall.ui.ListRiwayatActivity" />
35-->src/main/AndroidManifest.xml:17:9-60
35-->src/main/AndroidManifest.xml:17:19-57
36        <activity android:name="xyz.tqydn.tipall.ui.inventory.DetailPermintaanActivity" />
36-->src/main/AndroidManifest.xml:18:9-75
36-->src/main/AndroidManifest.xml:18:19-72
37        <activity android:name="xyz.tqydn.tipall.ui.inventory.DetailBerlangsungActivity" />
37-->src/main/AndroidManifest.xml:19:9-76
37-->src/main/AndroidManifest.xml:19:19-73
38        <activity android:name="xyz.tqydn.tipall.ui.inventory.DetailHutangActivity" />
38-->src/main/AndroidManifest.xml:20:9-71
38-->src/main/AndroidManifest.xml:20:19-68
39        <activity android:name="xyz.tqydn.tipall.ui.inventory.EditUsahaActivity" />
39-->src/main/AndroidManifest.xml:21:9-68
39-->src/main/AndroidManifest.xml:21:19-65
40        <activity android:name="xyz.tqydn.tipall.ui.inventory.TambahUsahaActivity" />
40-->src/main/AndroidManifest.xml:22:9-70
40-->src/main/AndroidManifest.xml:22:19-67
41        <activity android:name="xyz.tqydn.tipall.ui.inventory.EditProfilActivity" />
41-->src/main/AndroidManifest.xml:23:9-69
41-->src/main/AndroidManifest.xml:23:19-66
42        <activity android:name="xyz.tqydn.tipall.ui.inventory.BuatTransaksiActivity" />
42-->src/main/AndroidManifest.xml:24:9-72
42-->src/main/AndroidManifest.xml:24:19-69
43        <activity android:name="xyz.tqydn.tipall.ui.CadanganActivity" />
43-->src/main/AndroidManifest.xml:25:9-57
43-->src/main/AndroidManifest.xml:25:19-54
44        <activity android:name="xyz.tqydn.tipall.ui.VerEmailActivity" />
44-->src/main/AndroidManifest.xml:26:9-57
44-->src/main/AndroidManifest.xml:26:19-54
45        <activity android:name="xyz.tqydn.tipall.ui.SignUpActivity" />
45-->src/main/AndroidManifest.xml:27:9-55
45-->src/main/AndroidManifest.xml:27:19-52
46        <activity android:name="xyz.tqydn.tipall.ui.LoginActivity" />
46-->src/main/AndroidManifest.xml:28:9-54
46-->src/main/AndroidManifest.xml:28:19-51
47        <activity android:name="xyz.tqydn.tipall.SplashScreenActivity" >
47-->src/main/AndroidManifest.xml:29:9-35:20
47-->src/main/AndroidManifest.xml:29:19-55
48            <intent-filter>
48-->src/main/AndroidManifest.xml:30:13-34:29
49                <action android:name="android.intent.action.MAIN" />
49-->src/main/AndroidManifest.xml:31:17-69
49-->src/main/AndroidManifest.xml:31:25-66
50
51                <category android:name="android.intent.category.LAUNCHER" />
51-->src/main/AndroidManifest.xml:33:17-77
51-->src/main/AndroidManifest.xml:33:27-74
52            </intent-filter>
53        </activity>
54
55        <meta-data
55-->src/main/AndroidManifest.xml:37:9-39:57
56            android:name="preloaded_fonts"
56-->src/main/AndroidManifest.xml:38:13-43
57            android:resource="@array/preloaded_fonts" />
57-->src/main/AndroidManifest.xml:39:13-54
58        <meta-data
58-->src/main/AndroidManifest.xml:40:9-42:71
59            android:name="com.google.android.geo.API_KEY"
59-->src/main/AndroidManifest.xml:41:13-58
60            android:value="AIzaSyD306ZhNIIsxRlXcCu0NWnheKhPOhysous" />
60-->src/main/AndroidManifest.xml:42:13-68
61        <meta-data
61-->src/main/AndroidManifest.xml:43:9-45:69
62            android:name="com.google.android.gms.version"
62-->src/main/AndroidManifest.xml:44:13-58
63            android:value="@integer/google_play_services_version" />
63-->src/main/AndroidManifest.xml:45:13-66
64
65        <activity
65-->[com.karumi:dexter:6.2.1] AndroidManifest.xml:27:9-29:72
66            android:name="com.karumi.dexter.DexterActivity"
66-->[com.karumi:dexter:6.2.1] AndroidManifest.xml:28:13-60
67            android:theme="@style/Dexter.Internal.Theme.Transparent" />
67-->[com.karumi:dexter:6.2.1] AndroidManifest.xml:29:13-69
68        <activity
68-->[com.google.android.libraries.places:places:2.4.0] AndroidManifest.xml:14:9-20:20
69            android:name="com.google.android.libraries.places.widget.AutocompleteActivity"
69-->[com.google.android.libraries.places:places:2.4.0] AndroidManifest.xml:15:13-91
70            android:exported="false"
70-->[com.google.android.libraries.places:places:2.4.0] AndroidManifest.xml:16:13-37
71            android:label="@string/places_autocomplete_label"
71-->[com.google.android.libraries.places:places:2.4.0] AndroidManifest.xml:17:13-62
72            android:theme="@style/PlacesAutocompleteOverlay"
72-->[com.google.android.libraries.places:places:2.4.0] AndroidManifest.xml:18:13-61
73            android:windowSoftInputMode="adjustResize" >
73-->[com.google.android.libraries.places:places:2.4.0] AndroidManifest.xml:19:13-55
74        </activity> <!-- Needs to be explicitly declared on P+ -->
75        <uses-library
75-->[com.google.android.gms:play-services-maps:17.0.0] AndroidManifest.xml:33:9-35:40
76            android:name="org.apache.http.legacy"
76-->[com.google.android.gms:play-services-maps:17.0.0] AndroidManifest.xml:34:13-50
77            android:required="false" />
77-->[com.google.android.gms:play-services-maps:17.0.0] AndroidManifest.xml:35:13-37
78
79        <service
79-->[com.google.firebase:firebase-storage:19.2.0] AndroidManifest.xml:30:9-36:19
80            android:name="com.google.firebase.components.ComponentDiscoveryService"
80-->[com.google.firebase:firebase-storage:19.2.0] AndroidManifest.xml:31:13-84
81            android:directBootAware="true"
81-->[com.google.firebase:firebase-common:19.3.1] AndroidManifest.xml:35:13-43
82            android:exported="false" >
82-->[com.google.firebase:firebase-storage:19.2.0] AndroidManifest.xml:32:13-37
83            <meta-data
83-->[com.google.firebase:firebase-storage:19.2.0] AndroidManifest.xml:33:13-35:85
84                android:name="com.google.firebase.components:com.google.firebase.storage.StorageRegistrar"
84-->[com.google.firebase:firebase-storage:19.2.0] AndroidManifest.xml:34:17-107
85                android:value="com.google.firebase.components.ComponentRegistrar" />
85-->[com.google.firebase:firebase-storage:19.2.0] AndroidManifest.xml:35:17-82
86        </service>
87
88        <activity
88-->[com.sucho:placepicker:1.1.2] AndroidManifest.xml:12:9-14:67
89            android:name="com.sucho.placepicker.PlacePickerActivity"
89-->[com.sucho:placepicker:1.1.2] AndroidManifest.xml:13:13-69
90            android:label="@string/title_activity_place_picker" />
90-->[com.sucho:placepicker:1.1.2] AndroidManifest.xml:14:13-64
91
92        <service
92-->[com.google.android.datatransport:transport-backend-cct:2.3.0] AndroidManifest.xml:29:9-35:19
93            android:name="com.google.android.datatransport.runtime.backends.TransportBackendDiscovery"
93-->[com.google.android.datatransport:transport-backend-cct:2.3.0] AndroidManifest.xml:30:13-103
94            android:exported="false" >
94-->[com.google.android.datatransport:transport-backend-cct:2.3.0] AndroidManifest.xml:31:13-37
95            <meta-data
95-->[com.google.android.datatransport:transport-backend-cct:2.3.0] AndroidManifest.xml:32:13-34:39
96                android:name="backend:com.google.android.datatransport.cct.CctBackendFactory"
96-->[com.google.android.datatransport:transport-backend-cct:2.3.0] AndroidManifest.xml:33:17-94
97                android:value="cct" />
97-->[com.google.android.datatransport:transport-backend-cct:2.3.0] AndroidManifest.xml:34:17-36
98        </service>
99        <service
99-->[com.google.android.datatransport:transport-runtime:2.2.3] AndroidManifest.xml:26:9-30:19
100            android:name="com.google.android.datatransport.runtime.scheduling.jobscheduling.JobInfoSchedulerService"
100-->[com.google.android.datatransport:transport-runtime:2.2.3] AndroidManifest.xml:27:13-117
101            android:exported="false"
101-->[com.google.android.datatransport:transport-runtime:2.2.3] AndroidManifest.xml:28:13-37
102            android:permission="android.permission.BIND_JOB_SERVICE" >
102-->[com.google.android.datatransport:transport-runtime:2.2.3] AndroidManifest.xml:29:13-69
103        </service>
104
105        <receiver
105-->[com.google.android.datatransport:transport-runtime:2.2.3] AndroidManifest.xml:32:9-34:40
106            android:name="com.google.android.datatransport.runtime.scheduling.jobscheduling.AlarmManagerSchedulerBroadcastReceiver"
106-->[com.google.android.datatransport:transport-runtime:2.2.3] AndroidManifest.xml:33:13-132
107            android:exported="false" />
107-->[com.google.android.datatransport:transport-runtime:2.2.3] AndroidManifest.xml:34:13-37
108
109        <provider
109-->[com.google.firebase:firebase-common:19.3.1] AndroidManifest.xml:26:9-31:39
110            android:name="com.google.firebase.provider.FirebaseInitProvider"
110-->[com.google.firebase:firebase-common:19.3.1] AndroidManifest.xml:27:13-77
111            android:authorities="xyz.tqydn.tipall.firebaseinitprovider"
111-->[com.google.firebase:firebase-common:19.3.1] AndroidManifest.xml:28:13-72
112            android:directBootAware="true"
112-->[com.google.firebase:firebase-common:19.3.1] AndroidManifest.xml:29:13-43
113            android:exported="false"
113-->[com.google.firebase:firebase-common:19.3.1] AndroidManifest.xml:30:13-37
114            android:initOrder="100" />
114-->[com.google.firebase:firebase-common:19.3.1] AndroidManifest.xml:31:13-36
115
116        <activity
116-->[com.google.android.gms:play-services-base:17.3.0] AndroidManifest.xml:23:9-26:75
117            android:name="com.google.android.gms.common.api.GoogleApiActivity"
117-->[com.google.android.gms:play-services-base:17.3.0] AndroidManifest.xml:24:13-79
118            android:exported="false"
118-->[com.google.android.gms:play-services-base:17.3.0] AndroidManifest.xml:25:13-37
119            android:theme="@android:style/Theme.Translucent.NoTitleBar" />
119-->[com.google.android.gms:play-services-base:17.3.0] AndroidManifest.xml:26:13-72
120
121        <provider
121-->[androidx.lifecycle:lifecycle-process:2.1.0] AndroidManifest.xml:23:9-27:43
122            android:name="androidx.lifecycle.ProcessLifecycleOwnerInitializer"
122-->[androidx.lifecycle:lifecycle-process:2.1.0] AndroidManifest.xml:24:13-79
123            android:authorities="xyz.tqydn.tipall.lifecycle-process"
123-->[androidx.lifecycle:lifecycle-process:2.1.0] AndroidManifest.xml:25:13-69
124            android:exported="false"
124-->[androidx.lifecycle:lifecycle-process:2.1.0] AndroidManifest.xml:26:13-37
125            android:multiprocess="true" /> <!-- The activities will be merged into the manifest of the hosting app. -->
125-->[androidx.lifecycle:lifecycle-process:2.1.0] AndroidManifest.xml:27:13-40
126        <activity
126-->[com.google.android.play:core:1.7.2] AndroidManifest.xml:12:5-271
127            android:name="com.google.android.play.core.missingsplits.PlayCoreMissingSplitsActivity"
127-->[com.google.android.play:core:1.7.2] AndroidManifest.xml:12:15-102
128            android:enabled="false"
128-->[com.google.android.play:core:1.7.2] AndroidManifest.xml:12:103-126
129            android:exported="false"
129-->[com.google.android.play:core:1.7.2] AndroidManifest.xml:12:127-151
130            android:launchMode="singleInstance"
130-->[com.google.android.play:core:1.7.2] AndroidManifest.xml:12:204-239
131            android:process=":playcore_missing_splits_activity"
131-->[com.google.android.play:core:1.7.2] AndroidManifest.xml:12:152-203
132            android:stateNotNeeded="true" />
132-->[com.google.android.play:core:1.7.2] AndroidManifest.xml:12:240-269
133        <activity
133-->[com.google.android.play:core:1.7.2] AndroidManifest.xml:13:5-226
134            android:name="com.google.android.play.core.common.PlayCoreDialogWrapperActivity"
134-->[com.google.android.play:core:1.7.2] AndroidManifest.xml:13:15-95
135            android:enabled="false"
135-->[com.google.android.play:core:1.7.2] AndroidManifest.xml:13:96-119
136            android:exported="false"
136-->[com.google.android.play:core:1.7.2] AndroidManifest.xml:13:120-144
137            android:stateNotNeeded="true"
137-->[com.google.android.play:core:1.7.2] AndroidManifest.xml:13:145-174
138            android:theme="@style/Theme.PlayCore.Transparent" /> <!-- The service will be merged into the manifest of the hosting app. -->
138-->[com.google.android.play:core:1.7.2] AndroidManifest.xml:13:175-224
139        <service
139-->[com.google.android.play:core:1.7.2] AndroidManifest.xml:16:5-145
140            android:name="com.google.android.play.core.assetpacks.AssetPackExtractionService"
140-->[com.google.android.play:core:1.7.2] AndroidManifest.xml:16:14-95
141            android:enabled="false"
141-->[com.google.android.play:core:1.7.2] AndroidManifest.xml:16:96-119
142            android:exported="true" />
142-->[com.google.android.play:core:1.7.2] AndroidManifest.xml:16:120-143
143    </application>
144
145</manifest>